<?xml version="1.0" encoding="UTF-8"?>
<testsuite xmlns:xsi="http://www.w3.org/2001/XMLSchema-instance" xsi:noNamespaceSchemaLocation="https://maven.apache.org/surefire/maven-surefire-plugin/xsd/surefire-test-report-3.0.xsd" version="3.0" name="TestSuite" time="11.167" tests="13" errors="0" skipped="11" failures="2">
  <properties>
[...]
</properties>
  <testcase name="setUp[chrome](0)" classname="tests.TestBase2" time="9.818">
    <failure message="Could not start a new session. Could not start a new session. Error while creating session with the driver service. Stopping driver service: Could not start a new session. Response code 500. Message: session not created: This version of ChromeDriver only supports Chrome version 116&#10;Current browser version is 118.0.5993.71 with binary path C:\Program Files\Google\Chrome\Application\chrome.exe &#10;Host info: host: &apos;DESKTOP-VU5DHEC&apos;, ip: &apos;192.168.1.6&apos;&#10;Build info: version: &apos;4.14.0&apos;, revision: &apos;e5a96349ce&apos;&#10;System info: os.name: &apos;Windows 10&apos;, os.arch: &apos;amd64&apos;, os.version: &apos;10.0&apos;, java.version: &apos;17.0.8&apos;&#10;Driver info: driver.version: unknown&#10;Build info: version: &apos;4.14.0&apos;, revision: &apos;e5a96349ce&apos;&#10;System info: os.name: &apos;Windows 10&apos;, os.arch: &apos;amd64&apos;, os.version: &apos;10.0&apos;, java.version: &apos;17.0.8&apos;&#10;Driver info: driver.version: unknown&#10;Build info: version: &apos;4.14.0&apos;, revision: &apos;e5a96349ce&apos;&#10;System info: os.name: &apos;Windows 10&apos;, os.arch: &apos;amd64&apos;, os.version: &apos;10.0&apos;, java.version: &apos;17.0.8&apos;&#10;Driver info: driver.version: unknown&#10;Build info: version: &apos;3.12.0&apos;, revision: &apos;7c6e0b3&apos;, time: &apos;2018-05-08T14:04:26.12Z&apos;&#10;System info: host: &apos;DESKTOP-VU5DHEC&apos;, ip: &apos;192.168.1.6&apos;, os.name: &apos;Windows 10&apos;, os.arch: &apos;amd64&apos;, os.version: &apos;10.0&apos;, java.version: &apos;17.0.8&apos;&#10;Driver info: driver.version: RemoteWebDriver&#10;remote stacktrace: [{fileName=RemoteNode.java, moduleVersion=null, nativeMethod=false, moduleName=null, methodName=newSession, className=org.openqa.selenium.grid.node.remote.RemoteNode, lineNumber=151, classLoaderName=app}, {fileName=LocalDistributor.java, moduleVersion=null, nativeMethod=false, moduleName=null, methodName=startSession, className=org.openqa.selenium.grid.distributor.local.LocalDistributor, lineNumber=644, classLoaderName=app}, {fileName=LocalDistributor.java, moduleVersion=null, nativeMethod=false, moduleName=null, methodName=newSession, className=org.openqa.selenium.grid.distributor.local.LocalDistributor, lineNumber=563, classLoaderName=app}, {fileName=LocalDistributor.java, moduleVersion=null, nativeMethod=false, moduleName=null, methodName=handleNewSessionRequest, className=org.openqa.selenium.grid.distributor.local.LocalDistributor$NewSessionRunnable, lineNumber=823, classLoaderName=app}, {fileName=LocalDistributor.java, moduleVersion=null, nativeMethod=false, moduleName=null, methodName=lambda$run$1, className=org.openqa.selenium.grid.distributor.local.LocalDistributor$NewSessionRunnable, lineNumber=783, classLoaderName=app}, {fileName=ThreadPoolExecutor.java, moduleVersion=17.0.8, nativeMethod=false, moduleName=java.base, methodName=runWorker, className=java.util.concurrent.ThreadPoolExecutor, lineNumber=1136, classLoaderName=null}, {fileName=ThreadPoolExecutor.java, moduleVersion=17.0.8, nativeMethod=false, moduleName=java.base, methodName=run, className=java.util.concurrent.ThreadPoolExecutor$Worker, lineNumber=635, classLoaderName=null}, {fileName=Thread.java, moduleVersion=17.0.8, nativeMethod=false, moduleName=java.base, methodName=run, className=java.lang.Thread, lineNumber=833, classLoaderName=null}]" type="org.openqa.selenium.SessionNotCreatedException"><![CDATA[org.openqa.selenium.SessionNotCreatedException: 
Could not start a new session. Could not start a new session. Error while creating session with the driver service. Stopping driver service: Could not start a new session. Response code 500. Message: session not created: This version of ChromeDriver only supports Chrome version 116
Current browser version is 118.0.5993.71 with binary path C:\Program Files\Google\Chrome\Application\chrome.exe 
Host info: host: 'DESKTOP-VU5DHEC', ip: '192.168.1.6'
Build info: version: '4.14.0', revision: 'e5a96349ce'
System info: os.name: 'Windows 10', os.arch: 'amd64', os.version: '10.0', java.version: '17.0.8'
Driver info: driver.version: unknown
Build info: version: '4.14.0', revision: 'e5a96349ce'
System info: os.name: 'Windows 10', os.arch: 'amd64', os.version: '10.0', java.version: '17.0.8'
Driver info: driver.version: unknown
Build info: version: '4.14.0', revision: 'e5a96349ce'
System info: os.name: 'Windows 10', os.arch: 'amd64', os.version: '10.0', java.version: '17.0.8'
Driver info: driver.version: unknown
Build info: version: '3.12.0', revision: '7c6e0b3', time: '2018-05-08T14:04:26.12Z'
System info: host: 'DESKTOP-VU5DHEC', ip: '192.168.1.6', os.name: 'Windows 10', os.arch: 'amd64', os.version: '10.0', java.version: '17.0.8'
Driver info: driver.version: RemoteWebDriver
remote stacktrace: [{fileName=RemoteNode.java, moduleVersion=null, nativeMethod=false, moduleName=null, methodName=newSession, className=org.openqa.selenium.grid.node.remote.RemoteNode, lineNumber=151, classLoaderName=app}, {fileName=LocalDistributor.java, moduleVersion=null, nativeMethod=false, moduleName=null, methodName=startSession, className=org.openqa.selenium.grid.distributor.local.LocalDistributor, lineNumber=644, classLoaderName=app}, {fileName=LocalDistributor.java, moduleVersion=null, nativeMethod=false, moduleName=null, methodName=newSession, className=org.openqa.selenium.grid.distributor.local.LocalDistributor, lineNumber=563, classLoaderName=app}, {fileName=LocalDistributor.java, moduleVersion=null, nativeMethod=false, moduleName=null, methodName=handleNewSessionRequest, className=org.openqa.selenium.grid.distributor.local.LocalDistributor$NewSessionRunnable, lineNumber=823, classLoaderName=app}, {fileName=LocalDistributor.java, moduleVersion=null, nativeMethod=false, moduleName=null, methodName=lambda$run$1, className=org.openqa.selenium.grid.distributor.local.LocalDistributor$NewSessionRunnable, lineNumber=783, classLoaderName=app}, {fileName=ThreadPoolExecutor.java, moduleVersion=17.0.8, nativeMethod=false, moduleName=java.base, methodName=runWorker, className=java.util.concurrent.ThreadPoolExecutor, lineNumber=1136, classLoaderName=null}, {fileName=ThreadPoolExecutor.java, moduleVersion=17.0.8, nativeMethod=false, moduleName=java.base, methodName=run, className=java.util.concurrent.ThreadPoolExecutor$Worker, lineNumber=635, classLoaderName=null}, {fileName=Thread.java, moduleVersion=17.0.8, nativeMethod=false, moduleName=java.base, methodName=run, className=java.lang.Thread, lineNumber=833, classLoaderName=null}]
	at java.base/jdk.internal.reflect.NativeConstructorAccessorImpl.newInstance0(Native Method)
	at java.base/jdk.internal.reflect.NativeConstructorAccessorImpl.newInstance(NativeConstructorAccessorImpl.java:77)
	at java.base/jdk.internal.reflect.DelegatingConstructorAccessorImpl.newInstance(DelegatingConstructorAccessorImpl.java:45)
	at java.base/java.lang.reflect.Constructor.newInstanceWithCaller(Constructor.java:499)
	at java.base/java.lang.reflect.Constructor.newInstance(Constructor.java:480)
	at org.openqa.selenium.remote.W3CHandshakeResponse.lambda$new$0(W3CHandshakeResponse.java:57)
	at org.openqa.selenium.remote.W3CHandshakeResponse.lambda$getResponseFunction$2(W3CHandshakeResponse.java:104)
	at org.openqa.selenium.remote.ProtocolHandshake.lambda$createSession$0(ProtocolHandshake.java:123)
	at java.base/java.util.stream.ReferencePipeline$3$1.accept(ReferencePipeline.java:197)
	at java.base/java.util.Spliterators$ArraySpliterator.tryAdvance(Spliterators.java:1002)
	at java.base/java.util.stream.ReferencePipeline.forEachWithCancel(ReferencePipeline.java:129)
	at java.base/java.util.stream.AbstractPipeline.copyIntoWithCancel(AbstractPipeline.java:527)
	at java.base/java.util.stream.AbstractPipeline.copyInto(AbstractPipeline.java:513)
	at java.base/java.util.stream.AbstractPipeline.wrapAndCopyInto(AbstractPipeline.java:499)
	at java.base/java.util.stream.FindOps$FindOp.evaluateSequential(FindOps.java:150)
	at java.base/java.util.stream.AbstractPipeline.evaluate(AbstractPipeline.java:234)
	at java.base/java.util.stream.ReferencePipeline.findFirst(ReferencePipeline.java:647)
	at org.openqa.selenium.remote.ProtocolHandshake.createSession(ProtocolHandshake.java:126)
	at org.openqa.selenium.remote.ProtocolHandshake.createSession(ProtocolHandshake.java:73)
	at org.openqa.selenium.remote.HttpCommandExecutor.execute(HttpCommandExecutor.java:136)
	at org.openqa.selenium.remote.RemoteWebDriver.execute(RemoteWebDriver.java:543)
	at org.openqa.selenium.remote.RemoteWebDriver.startSession(RemoteWebDriver.java:207)
	at org.openqa.selenium.remote.RemoteWebDriver.<init>(RemoteWebDriver.java:130)
	at org.openqa.selenium.remote.RemoteWebDriver.<init>(RemoteWebDriver.java:143)
	at tests.TestBase2.setUp(TestBase2.java:33)
	at java.base/jdk.internal.reflect.NativeMethodAccessorImpl.invoke0(Native Method)
	at java.base/jdk.internal.reflect.NativeMethodAccessorImpl.invoke(NativeMethodAccessorImpl.java:77)
	at java.base/jdk.internal.reflect.DelegatingMethodAccessorImpl.invoke(DelegatingMethodAccessorImpl.java:43)
	at java.base/java.lang.reflect.Method.invoke(Method.java:568)
	at org.testng.internal.MethodInvocationHelper.invokeMethod(MethodInvocationHelper.java:124)
	at org.testng.internal.MethodInvocationHelper.invokeMethodConsideringTimeout(MethodInvocationHelper.java:59)
	at org.testng.internal.Invoker.invokeConfigurationMethod(Invoker.java:458)
	at org.testng.internal.Invoker.invokeConfigurations(Invoker.java:222)
	at org.testng.internal.Invoker.invokeConfigurations(Invoker.java:142)
	at org.testng.TestRunner.beforeRun(TestRunner.java:529)
	at org.testng.TestRunner.run(TestRunner.java:497)
	at org.testng.SuiteRunner.runTest(SuiteRunner.java:455)
	at org.testng.SuiteRunner.runSequentially(SuiteRunner.java:450)
	at org.testng.SuiteRunner.privateRun(SuiteRunner.java:415)
	at org.testng.SuiteRunner.run(SuiteRunner.java:364)
	at org.testng.SuiteRunnerWorker.runSuite(SuiteRunnerWorker.java:52)
	at org.testng.SuiteRunnerWorker.run(SuiteRunnerWorker.java:84)
	at org.testng.TestNG.runSuitesSequentially(TestNG.java:1208)
	at org.testng.TestNG.runSuitesLocally(TestNG.java:1137)
	at org.testng.TestNG.runSuites(TestNG.java:1049)
	at org.testng.TestNG.run(TestNG.java:1017)
	at org.apache.maven.surefire.testng.TestNGExecutor.run(TestNGExecutor.java:151)
	at org.apache.maven.surefire.testng.TestNGDirectoryTestSuite.executeMulti(TestNGDirectoryTestSuite.java:192)
	at org.apache.maven.surefire.testng.TestNGDirectoryTestSuite.execute(TestNGDirectoryTestSuite.java:93)
	at org.apache.maven.surefire.testng.TestNGProvider.invoke(TestNGProvider.java:155)
	at org.apache.maven.surefire.booter.ForkedBooter.runSuitesInProcess(ForkedBooter.java:456)
	at org.apache.maven.surefire.booter.ForkedBooter.execute(ForkedBooter.java:169)
	at org.apache.maven.surefire.booter.ForkedBooter.run(ForkedBooter.java:595)
	at org.apache.maven.surefire.booter.ForkedBooter.main(ForkedBooter.java:581)
]]></failure>
    <system-err><![CDATA[Starting ChromeDriver 118.0.5993.70 (e52f33f30b91b4ddfad649acddc39ab570473b86-refs/branch-heads/5993@{#1216}) on port 16377
Only local connections are allowed.
Please see https://chromedriver.chromium.org/security-considerations for suggestions on keeping ChromeDriver safe.
ChromeDriver was started successfully.
Oct 15, 2023 1:39:11 AM org.openqa.selenium.remote.ProtocolHandshake createSession
INFO: Detected dialect: W3C
]]></system-err>
  </testcase>
  <testcase name="stopDriver" classname="tests.TestBase2" time="0">
    <skipped/>
    <system-err><![CDATA[Oct 15, 2023 1:39:16 AM io.cucumber.core.runtime.FeaturePathFeatureSupplier get
WARNING: No features found at classpath:/tests
]]></system-err>
  </testcase>
  <testcase name="setUpClass[org.testng.TestRunner@1d2644e3](0)" classname="runner.TestRunner" time="10.326">
    <failure message="path must exist: D:\Testing courses and Work\AutomationCourseWithSelenuim\taf\src\test\java\features" type="java.lang.IllegalArgumentException"><![CDATA[java.lang.IllegalArgumentException: path must exist: D:\Testing courses and Work\AutomationCourseWithSelenuim\taf\src\test\java\features
	at io.cucumber.core.resource.PathScanner.findResourcesForPath(PathScanner.java:49)
	at io.cucumber.core.resource.PathScanner.findResourcesForUri(PathScanner.java:31)
	at io.cucumber.core.resource.ResourceScanner.findResourcesForUri(ResourceScanner.java:61)
	at io.cucumber.core.resource.ResourceScanner.scanForResourcesUri(ResourceScanner.java:134)
	at io.cucumber.core.runtime.FeaturePathFeatureSupplier.loadFeatures(FeaturePathFeatureSupplier.java:62)
	at io.cucumber.core.runtime.FeaturePathFeatureSupplier.get(FeaturePathFeatureSupplier.java:45)
	at io.cucumber.testng.TestNGCucumberRunner.<init>(TestNGCucumberRunner.java:122)
	at io.cucumber.testng.AbstractTestNGCucumberTests.setUpClass(AbstractTestNGCucumberTests.java:27)
	at java.base/jdk.internal.reflect.NativeMethodAccessorImpl.invoke0(Native Method)
	at java.base/jdk.internal.reflect.NativeMethodAccessorImpl.invoke(NativeMethodAccessorImpl.java:77)
	at java.base/jdk.internal.reflect.DelegatingMethodAccessorImpl.invoke(DelegatingMethodAccessorImpl.java:43)
	at java.base/java.lang.reflect.Method.invoke(Method.java:568)
	at org.testng.internal.MethodInvocationHelper.invokeMethod(MethodInvocationHelper.java:124)
	at org.testng.internal.MethodInvocationHelper.invokeMethodConsideringTimeout(MethodInvocationHelper.java:59)
	at org.testng.internal.Invoker.invokeConfigurationMethod(Invoker.java:458)
	at org.testng.internal.Invoker.invokeConfigurations(Invoker.java:222)
	at org.testng.internal.Invoker.invokeConfigurations(Invoker.java:142)
	at org.testng.internal.TestMethodWorker.invokeBeforeClassMethods(TestMethodWorker.java:168)
	at org.testng.internal.TestMethodWorker.run(TestMethodWorker.java:105)
	at org.testng.TestRunner.privateRun(TestRunner.java:648)
	at org.testng.TestRunner.run(TestRunner.java:505)
	at org.testng.SuiteRunner.runTest(SuiteRunner.java:455)
	at org.testng.SuiteRunner.runSequentially(SuiteRunner.java:450)
	at org.testng.SuiteRunner.privateRun(SuiteRunner.java:415)
	at org.testng.SuiteRunner.run(SuiteRunner.java:364)
	at org.testng.SuiteRunnerWorker.runSuite(SuiteRunnerWorker.java:52)
	at org.testng.SuiteRunnerWorker.run(SuiteRunnerWorker.java:84)
	at org.testng.TestNG.runSuitesSequentially(TestNG.java:1208)
	at org.testng.TestNG.runSuitesLocally(TestNG.java:1137)
	at org.testng.TestNG.runSuites(TestNG.java:1049)
	at org.testng.TestNG.run(TestNG.java:1017)
	at org.apache.maven.surefire.testng.TestNGExecutor.run(TestNGExecutor.java:151)
	at org.apache.maven.surefire.testng.TestNGDirectoryTestSuite.executeMulti(TestNGDirectoryTestSuite.java:192)
	at org.apache.maven.surefire.testng.TestNGDirectoryTestSuite.execute(TestNGDirectoryTestSuite.java:93)
	at org.apache.maven.surefire.testng.TestNGProvider.invoke(TestNGProvider.java:155)
	at org.apache.maven.surefire.booter.ForkedBooter.runSuitesInProcess(ForkedBooter.java:456)
	at org.apache.maven.surefire.booter.ForkedBooter.execute(ForkedBooter.java:169)
	at org.apache.maven.surefire.booter.ForkedBooter.run(ForkedBooter.java:595)
	at org.apache.maven.surefire.booter.ForkedBooter.main(ForkedBooter.java:581)
]]></failure>
  </testcase>
  <testcase name="stopDriver" classname="runner.TestRunner" time="0">
    <skipped/>
  </testcase>
  <testcase name="userCanLoginSuccessfully" classname="tests.UserLoginTest" time="0">
    <skipped message="path must exist: D:\Testing courses and Work\AutomationCourseWithSelenuim\taf\src\test\java\features"/>
    <system-err><![CDATA[Oct 15, 2023 1:39:16 AM io.cucumber.core.runtime.FeaturePathFeatureSupplier get
WARNING: No features found at classpath:/tests
]]></system-err>
  </testcase>
  <testcase name="screenshotOnFailure" classname="tests.UserLoginTest" time="0">
    <skipped/>
  </testcase>
  <testcase name="userCanLogoutSuccessfully" classname="tests.UserLoginTest" time="0">
    <skipped message="Method UserLoginTest.userCanLogoutSuccessfully()[pri:0, instance:tests.UserLoginTest@4b168fa9] depends on not successfully finished methods"/>
    <system-err><![CDATA[Oct 15, 2023 1:39:16 AM io.cucumber.core.runtime.FeaturePathFeatureSupplier get
WARNING: No features found at classpath:/steps
]]></system-err>
  </testcase>
  <testcase name="UserCanContactUs" classname="tests.ContactUsTest" time="0">
    <skipped message="path must exist: D:\Testing courses and Work\AutomationCourseWithSelenuim\taf\src\test\java\features"/>
    <system-err><![CDATA[Oct 15, 2023 1:39:16 AM io.cucumber.core.runtime.FeaturePathFeatureSupplier get
WARNING: No features found at classpath:/tests
Oct 15, 2023 1:39:16 AM io.cucumber.core.runtime.FeaturePathFeatureSupplier get
WARNING: No features found at classpath:/tests
Oct 15, 2023 1:39:16 AM io.cucumber.core.runtime.FeaturePathFeatureSupplier get
WARNING: No features found at classpath:/tests
Oct 15, 2023 1:39:16 AM io.cucumber.core.runtime.FeaturePathFeatureSupplier get
WARNING: No features found at classpath:/tests
Oct 15, 2023 1:39:16 AM io.cucumber.core.runtime.FeaturePathFeatureSupplier get
WARNING: No features found at classpath:/tests
Oct 15, 2023 1:39:16 AM io.cucumber.core.runtime.FeaturePathFeatureSupplier get
WARNING: No features found at classpath:/tests
Oct 15, 2023 1:39:16 AM io.cucumber.core.runtime.FeaturePathFeatureSupplier get
WARNING: No features found at classpath:/tests
]]></system-err>
  </testcase>
  <testcase name="screenshotOnFailure" classname="tests.ContactUsTest" time="0">
    <skipped/>
  </testcase>
  <testcase name="UserCanSelectSubCategoryFromMainMenu" classname="tests.ProductHoverMenuTest" time="0">
    <skipped message="path must exist: D:\Testing courses and Work\AutomationCourseWithSelenuim\taf\src\test\java\features"/>
    <system-err><![CDATA[Oct 15, 2023 1:39:16 AM io.cucumber.core.runtime.FeaturePathFeatureSupplier get
WARNING: No features found at classpath:/tests
Oct 15, 2023 1:39:16 AM io.cucumber.core.runtime.FeaturePathFeatureSupplier get
WARNING: No features found at classpath:/tests
Oct 15, 2023 1:39:16 AM io.cucumber.core.runtime.FeaturePathFeatureSupplier get
WARNING: No features found at classpath:/tests
Oct 15, 2023 1:39:16 AM io.cucumber.core.runtime.FeaturePathFeatureSupplier get
WARNING: No features found at classpath:/tests
]]></system-err>
  </testcase>
  <testcase name="screenshotOnFailure" classname="tests.ProductHoverMenuTest" time="0">
    <skipped/>
  </testcase>
  <testcase name="UserCanSearchForProducts" classname="tests.SearchProductTest" time="0">
    <skipped message="path must exist: D:\Testing courses and Work\AutomationCourseWithSelenuim\taf\src\test\java\features"/>
    <system-err><![CDATA[Oct 15, 2023 1:39:16 AM io.cucumber.core.runtime.FeaturePathFeatureSupplier get
WARNING: No features found at classpath:/tests
Oct 15, 2023 1:39:16 AM io.cucumber.core.runtime.FeaturePathFeatureSupplier get
WARNING: No features found at classpath:/tests
]]></system-err>
  </testcase>
  <testcase name="screenshotOnFailure" classname="tests.SearchProductTest" time="0">
    <skipped/>
  </testcase>
</testsuite>