<?xml version="1.0" encoding="UTF-8"?>
<testng-results ignored="6" total="10" passed="4" failed="0" skipped="0">
  <reporter-output>
  </reporter-output>
  <suite started-at="2023-10-10T16:31:14Z" name="nopcommerce Regression Suite" finished-at="2023-10-10T16:31:25Z" duration-ms="10467">
    <groups>
      <group name="cucumber">
        <method signature="AbstractTestNGCucumberTests.runScenario(io.cucumber.testng.PickleWrapper, io.cucumber.testng.FeatureWrapper)[pri:0, instance:tests.ContactUsTest@6e43ddd6]" name="runScenario" class="io.cucumber.testng.AbstractTestNGCucumberTests"/>
        <method signature="AbstractTestNGCucumberTests.runScenario(io.cucumber.testng.PickleWrapper, io.cucumber.testng.FeatureWrapper)[pri:0, instance:tests.ProductHoverMenuTest@51d719bc]" name="runScenario" class="io.cucumber.testng.AbstractTestNGCucumberTests"/>
        <method signature="AbstractTestNGCucumberTests.runScenario(io.cucumber.testng.PickleWrapper, io.cucumber.testng.FeatureWrapper)[pri:0, instance:tests.SearchProductTest@2d38edfd]" name="runScenario" class="io.cucumber.testng.AbstractTestNGCucumberTests"/>
        <method signature="AbstractTestNGCucumberTests.runScenario(io.cucumber.testng.PickleWrapper, io.cucumber.testng.FeatureWrapper)[pri:0, instance:tests.UserRegistrationTestUsingJavaFaker@1507c3c3]" name="runScenario" class="io.cucumber.testng.AbstractTestNGCucumberTests"/>
      </group> <!-- cucumber -->
    </groups>
    <test started-at="2023-10-10T16:31:14Z" name="Regression Test" finished-at="2023-10-10T16:31:25Z" duration-ms="10467">
      <class name="tests.UserRegistrationTestUsingJavaFaker">
        <test-method is-config="true" signature="setUpClass(org.testng.ITestContext)[pri:0, instance:tests.UserRegistrationTestUsingJavaFaker@1507c3c3]" started-at="2023-10-10T16:31:20Z" name="setUpClass" finished-at="2023-10-10T16:31:20Z" duration-ms="14" status="PASS">
          <params>
            <param index="0">
              <value>
                <![CDATA[org.testng.TestRunner@3a8fb023]]>
              </value>
            </param>
          </params>
          <reporter-output>
          </reporter-output>
        </test-method> <!-- setUpClass -->
        <test-method signature="userCanRegisterSuccessfully()[pri:1, instance:tests.UserRegistrationTestUsingJavaFaker@1507c3c3]" started-at="2023-10-10T16:31:20Z" name="userCanRegisterSuccessfully" finished-at="2023-10-10T16:31:25Z" duration-ms="4812" status="PASS">
          <reporter-output>
          </reporter-output>
        </test-method> <!-- userCanRegisterSuccessfully -->
        <test-method is-config="true" signature="screenshotOnFailure(org.testng.ITestResult)[pri:0, instance:tests.UserRegistrationTestUsingJavaFaker@1507c3c3]" started-at="2023-10-10T16:31:25Z" name="screenshotOnFailure" finished-at="2023-10-10T16:31:25Z" duration-ms="0" status="PASS">
          <params>
            <param index="0">
              <value>
                <![CDATA[[TestResult name=userCanRegisterSuccessfully status=SUCCESS method=UserRegistrationTestUsingJavaFaker.userCanRegisterSuccessfully()[pri:1, instance:tests.UserRegistrationTestUsingJavaFaker@1507c3c3] output={null}]]]>
              </value>
            </param>
          </params>
          <reporter-output>
          </reporter-output>
        </test-method> <!-- screenshotOnFailure -->
        <test-method is-config="true" signature="tearDownClass()[pri:0, instance:tests.UserRegistrationTestUsingJavaFaker@1507c3c3]" started-at="2023-10-10T16:31:25Z" name="tearDownClass" finished-at="2023-10-10T16:31:25Z" duration-ms="0" status="PASS">
          <reporter-output>
          </reporter-output>
        </test-method> <!-- tearDownClass -->
      </class> <!-- tests.UserRegistrationTestUsingJavaFaker -->
      <class name="tests.SearchProductTest">
        <test-method is-config="true" signature="setUpClass(org.testng.ITestContext)[pri:0, instance:tests.SearchProductTest@2d38edfd]" started-at="2023-10-10T16:31:18Z" name="setUpClass" finished-at="2023-10-10T16:31:18Z" duration-ms="15" status="PASS">
          <params>
            <param index="0">
              <value>
                <![CDATA[org.testng.TestRunner@3a8fb023]]>
              </value>
            </param>
          </params>
          <reporter-output>
          </reporter-output>
        </test-method> <!-- setUpClass -->
        <test-method signature="UserCanSearchForProducts()[pri:0, instance:tests.SearchProductTest@2d38edfd]" started-at="2023-10-10T16:31:18Z" name="UserCanSearchForProducts" finished-at="2023-10-10T16:31:20Z" duration-ms="1634" status="PASS">
          <reporter-output>
          </reporter-output>
        </test-method> <!-- UserCanSearchForProducts -->
        <test-method is-config="true" signature="screenshotOnFailure(org.testng.ITestResult)[pri:0, instance:tests.SearchProductTest@2d38edfd]" started-at="2023-10-10T16:31:20Z" name="screenshotOnFailure" finished-at="2023-10-10T16:31:20Z" duration-ms="0" status="PASS">
          <params>
            <param index="0">
              <value>
                <![CDATA[[TestResult name=UserCanSearchForProducts status=SUCCESS method=SearchProductTest.UserCanSearchForProducts()[pri:0, instance:tests.SearchProductTest@2d38edfd] output={null}]]]>
              </value>
            </param>
          </params>
          <reporter-output>
          </reporter-output>
        </test-method> <!-- screenshotOnFailure -->
        <test-method is-config="true" signature="tearDownClass()[pri:0, instance:tests.SearchProductTest@2d38edfd]" started-at="2023-10-10T16:31:20Z" name="tearDownClass" finished-at="2023-10-10T16:31:20Z" duration-ms="0" status="PASS">
          <reporter-output>
          </reporter-output>
        </test-method> <!-- tearDownClass -->
      </class> <!-- tests.SearchProductTest -->
      <class name="tests.ProductHoverMenuTest">
        <test-method is-config="true" signature="setUpClass(org.testng.ITestContext)[pri:0, instance:tests.ProductHoverMenuTest@51d719bc]" started-at="2023-10-10T16:31:17Z" name="setUpClass" finished-at="2023-10-10T16:31:17Z" duration-ms="17" status="PASS">
          <params>
            <param index="0">
              <value>
                <![CDATA[org.testng.TestRunner@3a8fb023]]>
              </value>
            </param>
          </params>
          <reporter-output>
          </reporter-output>
        </test-method> <!-- setUpClass -->
        <test-method signature="UserCanSelectSubCategoryFromMainMenu()[pri:0, instance:tests.ProductHoverMenuTest@51d719bc]" started-at="2023-10-10T16:31:17Z" name="UserCanSelectSubCategoryFromMainMenu" finished-at="2023-10-10T16:31:18Z" duration-ms="1032" status="PASS">
          <reporter-output>
          </reporter-output>
        </test-method> <!-- UserCanSelectSubCategoryFromMainMenu -->
        <test-method is-config="true" signature="tearDownClass()[pri:0, instance:tests.ProductHoverMenuTest@51d719bc]" started-at="2023-10-10T16:31:18Z" name="tearDownClass" finished-at="2023-10-10T16:31:18Z" duration-ms="0" status="PASS">
          <reporter-output>
          </reporter-output>
        </test-method> <!-- tearDownClass -->
        <test-method is-config="true" signature="screenshotOnFailure(org.testng.ITestResult)[pri:0, instance:tests.ProductHoverMenuTest@51d719bc]" started-at="2023-10-10T16:31:18Z" name="screenshotOnFailure" finished-at="2023-10-10T16:31:18Z" duration-ms="0" status="PASS">
          <params>
            <param index="0">
              <value>
                <![CDATA[[TestResult name=UserCanSelectSubCategoryFromMainMenu status=SUCCESS method=ProductHoverMenuTest.UserCanSelectSubCategoryFromMainMenu()[pri:0, instance:tests.ProductHoverMenuTest@51d719bc] output={null}]]]>
              </value>
            </param>
          </params>
          <reporter-output>
          </reporter-output>
        </test-method> <!-- screenshotOnFailure -->
      </class> <!-- tests.ProductHoverMenuTest -->
      <class name="tests.ContactUsTest">
        <test-method is-config="true" signature="startDriver(java.lang.String)[pri:0, instance:tests.ContactUsTest@6e43ddd6]" started-at="2023-10-10T16:31:09Z" name="startDriver" finished-at="2023-10-10T16:31:14Z" duration-ms="4795" status="PASS">
          <params>
            <param index="0">
              <value>
                <![CDATA[chrome]]>
              </value>
            </param>
          </params>
          <reporter-output>
          </reporter-output>
        </test-method> <!-- startDriver -->
        <test-method is-config="true" signature="setUpClass(org.testng.ITestContext)[pri:0, instance:tests.ContactUsTest@6e43ddd6]" started-at="2023-10-10T16:31:14Z" name="setUpClass" finished-at="2023-10-10T16:31:15Z" duration-ms="457" status="PASS">
          <params>
            <param index="0">
              <value>
                <![CDATA[org.testng.TestRunner@3a8fb023]]>
              </value>
            </param>
          </params>
          <reporter-output>
          </reporter-output>
        </test-method> <!-- setUpClass -->
        <test-method signature="UserCanContactUs()[pri:0, instance:tests.ContactUsTest@6e43ddd6]" started-at="2023-10-10T16:31:15Z" name="UserCanContactUs" finished-at="2023-10-10T16:31:17Z" duration-ms="2441" status="PASS">
          <reporter-output>
          </reporter-output>
        </test-method> <!-- UserCanContactUs -->
        <test-method is-config="true" signature="screenshotOnFailure(org.testng.ITestResult)[pri:0, instance:tests.ContactUsTest@6e43ddd6]" started-at="2023-10-10T16:31:17Z" name="screenshotOnFailure" finished-at="2023-10-10T16:31:17Z" duration-ms="0" status="PASS">
          <params>
            <param index="0">
              <value>
                <![CDATA[[TestResult name=UserCanContactUs status=SUCCESS method=ContactUsTest.UserCanContactUs()[pri:0, instance:tests.ContactUsTest@6e43ddd6] output={null}]]]>
              </value>
            </param>
          </params>
          <reporter-output>
          </reporter-output>
        </test-method> <!-- screenshotOnFailure -->
        <test-method is-config="true" signature="tearDownClass()[pri:0, instance:tests.ContactUsTest@6e43ddd6]" started-at="2023-10-10T16:31:17Z" name="tearDownClass" finished-at="2023-10-10T16:31:17Z" duration-ms="4" status="PASS">
          <reporter-output>
          </reporter-output>
        </test-method> <!-- tearDownClass -->
        <test-method is-config="true" signature="stopDriver()[pri:0, instance:tests.ContactUsTest@6e43ddd6]" started-at="2023-10-10T16:31:25Z" name="stopDriver" finished-at="2023-10-10T16:31:26Z" duration-ms="862" status="PASS">
          <reporter-output>
          </reporter-output>
        </test-method> <!-- stopDriver -->
      </class> <!-- tests.ContactUsTest -->
    </test> <!-- Regression Test -->
  </suite> <!-- nopcommerce Regression Suite -->
</testng-results>
